The system is: Windows - 10.0.22000 - AMD64
Compiling the CXX compiler identification source file "CMakeCXXCompilerId.cpp" succeeded.
Compiler: C:/Program Files/Microsoft Visual Studio/2022/Community/VC/Tools/MSVC/14.34.31933/bin/HostX64/x64/cl.exe 
Build flags: 
Id flags:  

The output was:
0
Microsoft (R) C/C++ Optimizing Compiler Version 19.34.31933 for x64
Copyright (C) Microsoft Corporation.  All rights reserved.

CMakeCXXCompilerId.cpp
Microsoft (R) Incremental Linker Version 14.34.31933.0
Copyright (C) Microsoft Corporation.  All rights reserved.

/out:CMakeCXXCompilerId.exe 
CMakeCXXCompilerId.obj 


Compilation of the CXX compiler identification source "CMakeCXXCompilerId.cpp" produced "CMakeCXXCompilerId.exe"

Compilation of the CXX compiler identification source "CMakeCXXCompilerId.cpp" produced "CMakeCXXCompilerId.obj"

The CXX compiler identification is MSVC, found in "D:/repos/Final_Messenger/WidgetClient/build-Widget_Client-Desktop_Qt_6_3_0_MSVC2019_64bit-Debug/CMakeFiles/3.23.2/CompilerIdCXX/CMakeCXXCompilerId.exe"

Detecting CXX compiler ABI info compiled with the following output:
Change Dir: D:/repos/Final_Messenger/WidgetClient/build-Widget_Client-Desktop_Qt_6_3_0_MSVC2019_64bit-Debug/CMakeFiles/CMakeTmp

Run Build Command(s):C:/PROGRA~1/MICROS~1/2022/COMMUN~1/Common7/IDE/COMMON~1/MICROS~1/CMake/Ninja/ninja.exe cmTC_ec07e && [1/2] Building CXX object CMakeFiles\cmTC_ec07e.dir\CMakeCXXCompilerABI.cpp.obj
[2/2] Linking CXX executable cmTC_ec07e.exe



Performing C++ SOURCE FILE Test HAVE_STDATOMIC succeeded with the following output:
Change Dir: D:/repos/Final_Messenger/WidgetClient/build-Widget_Client-Desktop_Qt_6_3_0_MSVC2019_64bit-Debug/CMakeFiles/CMakeTmp

Run Build Command(s):C:/PROGRA~1/MICROS~1/2022/COMMUN~1/Common7/IDE/COMMON~1/MICROS~1/CMake/Ninja/ninja.exe cmTC_6ec13 && [1/2] Building CXX object CMakeFiles\cmTC_6ec13.dir\src.cxx.obj
D:\repos\Final_Messenger\WidgetClient\build-Widget_Client-Desktop_Qt_6_3_0_MSVC2019_64bit-Debug\CMakeFiles\CMakeTmp\src.cxx(17): warning C4312: 'type cast': conversion from 'unsigned int' to 'void *' of greater size
[2/2] Linking CXX executable cmTC_6ec13.exe


Source file was:
#include <atomic>
#include <cstdint>

void test(volatile std::atomic<std::int64_t> &a)
{
    std::int64_t v = a.load(std::memory_order_acquire);
    while (!a.compare_exchange_strong(v, v + 1,
                                      std::memory_order_acq_rel,
                                      std::memory_order_acquire)) {
        v = a.exchange(v - 1);
    }
    a.store(v + 1, std::memory_order_release);
}

int main(int, char **)
{
    void *ptr = (void*)0xffffffc0; // any random pointer
    test(*reinterpret_cast<std::atomic<std::int64_t> *>(ptr));
    return 0;
}
